23-Mar-2026 07:17:45.311 INFO [main] org.apache.catalina.startup.VersionLoggerListener.log Server version name:   Apache Tomcat/10.1.18
23-Mar-2026 07:17:45.361 INFO [main] org.apache.catalina.startup.VersionLoggerListener.log Server built:          Jan 5 2024 14:39:40 UTC
23-Mar-2026 07:17:45.361 INFO [main] org.apache.catalina.startup.VersionLoggerListener.log Server version number: 10.1.18.0
23-Mar-2026 07:17:45.364 INFO [main] org.apache.catalina.startup.VersionLoggerListener.log OS Name:               Linux
23-Mar-2026 07:17:45.364 INFO [main] org.apache.catalina.startup.VersionLoggerListener.log OS Version:            6.8.0-1044-azure
23-Mar-2026 07:17:45.365 INFO [main] org.apache.catalina.startup.VersionLoggerListener.log Architecture:          amd64
23-Mar-2026 07:17:45.367 INFO [main] org.apache.catalina.startup.VersionLoggerListener.log Java Home:             /usr/local/sdkman/candidates/java/25.0.1-ms
23-Mar-2026 07:17:45.367 INFO [main] org.apache.catalina.startup.VersionLoggerListener.log JVM Version:           25.0.1+8-LTS
23-Mar-2026 07:17:45.368 INFO [main] org.apache.catalina.startup.VersionLoggerListener.log JVM Vendor:            Microsoft
23-Mar-2026 07:17:45.368 INFO [main] org.apache.catalina.startup.VersionLoggerListener.log CATALINA_BASE:         /workspaces/sessionmanagement2/apache-tomcat-10.1.18
23-Mar-2026 07:17:45.369 INFO [main] org.apache.catalina.startup.VersionLoggerListener.log CATALINA_HOME:         /workspaces/sessionmanagement2/apache-tomcat-10.1.18
23-Mar-2026 07:17:45.439 INFO [main] org.apache.catalina.startup.VersionLoggerListener.log Command line argument: -Djava.util.logging.config.file=/workspaces/sessionmanagement2/apache-tomcat-10.1.18/conf/logging.properties
23-Mar-2026 07:17:45.440 INFO [main] org.apache.catalina.startup.VersionLoggerListener.log Command line argument: -Djava.util.logging.manager=org.apache.juli.ClassLoaderLogManager
23-Mar-2026 07:17:45.440 INFO [main] org.apache.catalina.startup.VersionLoggerListener.log Command line argument: -Djdk.tls.ephemeralDHKeySize=2048
23-Mar-2026 07:17:45.440 INFO [main] org.apache.catalina.startup.VersionLoggerListener.log Command line argument: -Djava.protocol.handler.pkgs=org.apache.catalina.webresources
23-Mar-2026 07:17:45.440 INFO [main] org.apache.catalina.startup.VersionLoggerListener.log Command line argument: -Dorg.apache.catalina.security.SecurityListener.UMASK=0027
23-Mar-2026 07:17:45.441 INFO [main] org.apache.catalina.startup.VersionLoggerListener.log Command line argument: --add-opens=java.base/java.lang=ALL-UNNAMED
23-Mar-2026 07:17:45.441 INFO [main] org.apache.catalina.startup.VersionLoggerListener.log Command line argument: --add-opens=java.base/java.io=ALL-UNNAMED
23-Mar-2026 07:17:45.441 INFO [main] org.apache.catalina.startup.VersionLoggerListener.log Command line argument: --add-opens=java.base/java.util=ALL-UNNAMED
23-Mar-2026 07:17:45.441 INFO [main] org.apache.catalina.startup.VersionLoggerListener.log Command line argument: --add-opens=java.base/java.util.concurrent=ALL-UNNAMED
23-Mar-2026 07:17:45.443 INFO [main] org.apache.catalina.startup.VersionLoggerListener.log Command line argument: --add-opens=java.rmi/sun.rmi.transport=ALL-UNNAMED
23-Mar-2026 07:17:45.443 INFO [main] org.apache.catalina.startup.VersionLoggerListener.log Command line argument: -Dcatalina.base=/workspaces/sessionmanagement2/apache-tomcat-10.1.18
23-Mar-2026 07:17:45.450 INFO [main] org.apache.catalina.startup.VersionLoggerListener.log Command line argument: -Dcatalina.home=/workspaces/sessionmanagement2/apache-tomcat-10.1.18
23-Mar-2026 07:17:45.450 INFO [main] org.apache.catalina.startup.VersionLoggerListener.log Command line argument: -Djava.io.tmpdir=/workspaces/sessionmanagement2/apache-tomcat-10.1.18/temp
WARNING: A restricted method in java.lang.System has been called
WARNING: java.lang.System::load has been called by org.apache.tomcat.jni.Library in an unnamed module (file:/workspaces/sessionmanagement2/apache-tomcat-10.1.18/lib/tomcat-jni.jar)
WARNING: Use --enable-native-access=ALL-UNNAMED to avoid a warning for callers in this module
WARNING: Restricted methods will be blocked in a future release unless native access is enabled

23-Mar-2026 07:17:45.456 INFO [main] org.apache.catalina.core.AprLifecycleListener.lifecycleEvent The Apache Tomcat Native library which allows using OpenSSL was not found on the java.library.path: [/usr/java/packages/lib:/usr/lib64:/lib64:/lib:/usr/lib]
23-Mar-2026 07:17:46.143 INFO [main] org.apache.coyote.AbstractProtocol.init Initializing ProtocolHandler ["http-nio-8080"]
23-Mar-2026 07:17:46.186 INFO [main] org.apache.catalina.startup.Catalina.load Server initialization in [2270] milliseconds
23-Mar-2026 07:17:46.242 INFO [main] org.apache.catalina.core.StandardService.startInternal Starting service [Catalina]
23-Mar-2026 07:17:46.244 INFO [main] org.apache.catalina.core.StandardEngine.startInternal Starting Servlet engine: [Apache Tomcat/10.1.18]
23-Mar-2026 07:17:46.256 INFO [main] org.apache.catalina.startup.HostConfig.deployDirectory Deploying web application directory [/workspaces/sessionmanagement2/apache-tomcat-10.1.18/webapps/docs]
23-Mar-2026 07:17:47.190 INFO [main] org.apache.catalina.startup.HostConfig.deployDirectory Deployment of web application directory [/workspaces/sessionmanagement2/apache-tomcat-10.1.18/webapps/docs] has finished in [928] ms
23-Mar-2026 07:17:47.191 INFO [main] org.apache.catalina.startup.HostConfig.deployDirectory Deploying web application directory [/workspaces/sessionmanagement2/apache-tomcat-10.1.18/webapps/examples]
23-Mar-2026 07:17:47.575 INFO [main] org.apache.catalina.startup.HostConfig.deployDirectory Deployment of web application directory [/workspaces/sessionmanagement2/apache-tomcat-10.1.18/webapps/examples] has finished in [383] ms
23-Mar-2026 07:17:47.575 INFO [main] org.apache.catalina.startup.HostConfig.deployDirectory Deploying web application directory [/workspaces/sessionmanagement2/apache-tomcat-10.1.18/webapps/manager]
23-Mar-2026 07:17:47.623 INFO [main] org.apache.catalina.startup.HostConfig.deployDirectory Deployment of web application directory [/workspaces/sessionmanagement2/apache-tomcat-10.1.18/webapps/manager] has finished in [47] ms
23-Mar-2026 07:17:47.623 INFO [main] org.apache.catalina.startup.HostConfig.deployDirectory Deploying web application directory [/workspaces/sessionmanagement2/apache-tomcat-10.1.18/webapps/host-manager]
23-Mar-2026 07:17:47.643 INFO [main] org.apache.catalina.startup.HostConfig.deployDirectory Deployment of web application directory [/workspaces/sessionmanagement2/apache-tomcat-10.1.18/webapps/host-manager] has finished in [20] ms
23-Mar-2026 07:17:47.644 INFO [main] org.apache.catalina.startup.HostConfig.deployDirectory Deploying web application directory [/workspaces/sessionmanagement2/apache-tomcat-10.1.18/webapps/bookstore]
23-Mar-2026 07:17:47.676 INFO [main] org.apache.catalina.startup.HostConfig.deployDirectory Deployment of web application directory [/workspaces/sessionmanagement2/apache-tomcat-10.1.18/webapps/bookstore] has finished in [32] ms
23-Mar-2026 07:17:47.677 INFO [main] org.apache.catalina.startup.HostConfig.deployDirectory Deploying web application directory [/workspaces/sessionmanagement2/apache-tomcat-10.1.18/webapps/ROOT]
23-Mar-2026 07:17:47.700 INFO [main] org.apache.catalina.startup.HostConfig.deployDirectory Deployment of web application directory [/workspaces/sessionmanagement2/apache-tomcat-10.1.18/webapps/ROOT] has finished in [22] ms
23-Mar-2026 07:17:47.703 INFO [main] org.apache.coyote.AbstractProtocol.start Starting ProtocolHandler ["http-nio-8080"]
23-Mar-2026 07:17:47.754 INFO [main] org.apache.catalina.startup.Catalina.start Server startup in [1566] milliseconds
